  Building Custom Rule E:/Development/GitDirectory/project-pegasus/build/_deps/raylib-src/src/CMakeLists.txt
  core.c
e:\development\gitdirectory\project-pegasus\build\_deps\raylib-src\src\rlgl.h(1646): warning C4090: 'function': different 'const' qualifiers
E:\Development\GitDirectory\project-pegasus\build\_deps\raylib-src\src\core.c(1653): warning C4244: '=': conversion from 'double' to 'float', possible loss of data
E:\Development\GitDirectory\project-pegasus\build\_deps\raylib-src\src\core.c(1716): warning C4244: '=': conversion from 'float' to 'unsigned char', possible loss of data
E:\Development\GitDirectory\project-pegasus\build\_deps\raylib-src\src\core.c(1717): warning C4244: '=': conversion from 'float' to 'unsigned char', possible loss of data
E:\Development\GitDirectory\project-pegasus\build\_deps\raylib-src\src\core.c(1718): warning C4244: '=': conversion from 'float' to 'unsigned char', possible loss of data
E:\Development\GitDirectory\project-pegasus\build\_deps\raylib-src\src\core.c(1719): warning C4244: '=': conversion from 'float' to 'unsigned char', possible loss of data
E:\Development\GitDirectory\project-pegasus\build\_deps\raylib-src\src\core.c(1790): warning C4244: '=': conversion from 'float' to 'unsigned char', possible loss of data
E:\Development\GitDirectory\project-pegasus\build\_deps\raylib-src\src\core.c(1793): warning C4244: '=': conversion from 'double' to 'float', possible loss of data
E:\Development\GitDirectory\project-pegasus\build\_deps\raylib-src\src\core.c(1798): warning C4244: '=': conversion from 'float' to 'unsigned char', possible loss of data
E:\Development\GitDirectory\project-pegasus\build\_deps\raylib-src\src\core.c(1801): warning C4244: '=': conversion from 'double' to 'float', possible loss of data
E:\Development\GitDirectory\project-pegasus\build\_deps\raylib-src\src\core.c(1806): warning C4244: '=': conversion from 'float' to 'unsigned char', possible loss of data
E:\Development\GitDirectory\project-pegasus\build\_deps\raylib-src\src\core.c(1785): warning C4244: 'initializing': conversion from 'double' to 'float', possible loss of data
E:\Development\GitDirectory\project-pegasus\build\_deps\raylib-src\src\core.c(2842): warning C4018: '>=': signed/unsigned mismatch
E:\Development\GitDirectory\project-pegasus\build\_deps\raylib-src\src\core.c(2844): warning C4018: '>=': signed/unsigned mismatch
  models.c
e:\development\gitdirectory\project-pegasus\build\_deps\raylib-src\src\external/par_shapes.h(273): warning C4244: 'initializing': conversion from 'double' to 'float', possible loss of data
e:\development\gitdirectory\project-pegasus\build\_deps\raylib-src\src\external/par_shapes.h(305): warning C4305: 'function': truncation from 'double' to 'float'
e:\development\gitdirectory\project-pegasus\build\_deps\raylib-src\src\external/par_shapes.h(335): warning C4305: 'function': truncation from 'double' to 'float'
e:\development\gitdirectory\project-pegasus\build\_deps\raylib-src\src\external/par_shapes.h(346): warning C4305: 'function': truncation from 'double' to 'float'
e:\development\gitdirectory\project-pegasus\build\_deps\raylib-src\src\external/par_shapes.h(534): warning C4244: 'initializing': conversion from 'double' to 'float', possible loss of data
e:\development\gitdirectory\project-pegasus\build\_deps\raylib-src\src\external/par_shapes.h(535): warning C4244: 'initializing': conversion from 'double' to 'float', possible loss of data
e:\development\gitdirectory\project-pegasus\build\_deps\raylib-src\src\external/par_shapes.h(543): warning C4244: 'initializing': conversion from 'double' to 'float', possible loss of data
e:\development\gitdirectory\project-pegasus\build\_deps\raylib-src\src\external/par_shapes.h(544): warning C4244: 'initializing': conversion from 'double' to 'float', possible loss of data
e:\development\gitdirectory\project-pegasus\build\_deps\raylib-src\src\external/par_shapes.h(568): warning C4244: 'function': conversion from 'double' to 'float', possible loss of data
e:\development\gitdirectory\project-pegasus\build\_deps\raylib-src\src\external/par_shapes.h(559): warning C4244: 'initializing': conversion from 'double' to 'float', possible loss of data
e:\development\gitdirectory\project-pegasus\build\_deps\raylib-src\src\external/par_shapes.h(560): warning C4244: 'initializing': conversion from 'double' to 'float', possible loss of data
e:\development\gitdirectory\project-pegasus\build\_deps\raylib-src\src\external/par_shapes.h(576): warning C4244: 'initializing': conversion from 'double' to 'float', possible loss of data
e:\development\gitdirectory\project-pegasus\build\_deps\raylib-src\src\external/par_shapes.h(586): warning C4244: 'initializing': conversion from 'double' to 'float', possible loss of data
e:\development\gitdirectory\project-pegasus\build\_deps\raylib-src\src\external/par_shapes.h(587): warning C4244: 'initializing': conversion from 'double' to 'float', possible loss of data
e:\development\gitdirectory\project-pegasus\build\_deps\raylib-src\src\external/par_shapes.h(609): warning C4244: '=': conversion from 'double' to 'float', possible loss of data
e:\development\gitdirectory\project-pegasus\build\_deps\raylib-src\src\external/par_shapes.h(611): warning C4244: '=': conversion from 'double' to 'float', possible loss of data
e:\development\gitdirectory\project-pegasus\build\_deps\raylib-src\src\external/par_shapes.h(612): warning C4244: '=': conversion from 'double' to 'float', possible loss of data
e:\development\gitdirectory\project-pegasus\build\_deps\raylib-src\src\external/par_shapes.h(618): warning C4244: '=': conversion from 'double' to 'float', possible loss of data
e:\development\gitdirectory\project-pegasus\build\_deps\raylib-src\src\external/par_shapes.h(619): warning C4244: '=': conversion from 'double' to 'float', possible loss of data
e:\development\gitdirectory\project-pegasus\build\_deps\raylib-src\src\external/par_shapes.h(620): warning C4244: '=': conversion from 'double' to 'float', possible loss of data
e:\development\gitdirectory\project-pegasus\build\_deps\raylib-src\src\external/par_shapes.h(601): warning C4244: 'initializing': conversion from 'double' to 'const float', possible loss of data
e:\development\gitdirectory\project-pegasus\build\_deps\raylib-src\src\external/par_shapes.h(602): warning C4244: 'initializing': conversion from 'double' to 'const float', possible loss of data
e:\development\gitdirectory\project-pegasus\build\_deps\raylib-src\src\external/par_shapes.h(603): warning C4244: 'initializing': conversion from 'double' to 'const float', possible loss of data
e:\development\gitdirectory\project-pegasus\build\_deps\raylib-src\src\external/par_shapes.h(604): warning C4244: 'initializing': conversion from 'double' to 'const float', possible loss of data
e:\development\gitdirectory\project-pegasus\build\_deps\raylib-src\src\external/par_shapes.h(605): warning C4244: 'initializing': conversion from 'double' to 'const float', possible loss of data
e:\development\gitdirectory\project-pegasus\build\_deps\raylib-src\src\external/par_shapes.h(606): warning C4244: 'initializing': conversion from 'double' to 'const float', possible loss of data
e:\development\gitdirectory\project-pegasus\build\_deps\raylib-src\src\external/par_shapes.h(670): warning C4244: '=': conversion from 'double' to 'float', possible loss of data
e:\development\gitdirectory\project-pegasus\build\_deps\raylib-src\src\external/par_shapes.h(671): warning C4244: '=': conversion from 'double' to 'float', possible loss of data
e:\development\gitdirectory\project-pegasus\build\_deps\raylib-src\src\external/par_shapes.h(695): warning C4244: 'function': conversion from 'double' to 'float', possible loss of data
e:\development\gitdirectory\project-pegasus\build\_deps\raylib-src\src\external/par_shapes.h(669): warning C4244: 'initializing': conversion from 'double' to 'float', possible loss of data
e:\development\gitdirectory\project-pegasus\build\_deps\raylib-src\src\external/par_shapes.h(805): warning C4305: 'initializing': truncation from 'double' to 'float'
e:\development\gitdirectory\project-pegasus\build\_deps\raylib-src\src\external/par_shapes.h(853): warning C4305: 'initializing': truncation from 'double' to 'float'
e:\development\gitdirectory\project-pegasus\build\_deps\raylib-src\src\external/par_shapes.h(953): warning C4305: 'initializing': truncation from 'double' to 'float'
e:\development\gitdirectory\project-pegasus\build\_deps\raylib-src\src\external/par_shapes.h(1284): warning C4244: '=': conversion from 'double' to 'float', possible loss of data
e:\development\gitdirectory\project-pegasus\build\_deps\raylib-src\src\external/par_shapes.h(1286): warning C4244: 'function': conversion from 'double' to 'float', possible loss of data
e:\development\gitdirectory\project-pegasus\build\_deps\raylib-src\src\external/par_shapes.h(1288): warning C4244: 'function': conversion from 'double' to 'float', possible loss of data
e:\development\gitdirectory\project-pegasus\build\_deps\raylib-src\src\external/par_shapes.h(1290): warning C4244: 'function': conversion from 'double' to 'float', possible loss of data
e:\development\gitdirectory\project-pegasus\build\_deps\raylib-src\src\external/par_shapes.h(1447): warning C4305: 'function': truncation from 'double' to 'float'
e:\development\gitdirectory\project-pegasus\build\_deps\raylib-src\src\external/par_shapes.h(1464): warning C4244: '*=': conversion from 'double' to 'float', possible loss of data
e:\development\gitdirectory\project-pegasus\build\_deps\raylib-src\src\external/par_shapes.h(1465): warning C4244: '*=': conversion from 'double' to 'float', possible loss of data
e:\development\gitdirectory\project-pegasus\build\_deps\raylib-src\src\external/par_shapes.h(1466): warning C4244: '*=': conversion from 'double' to 'float', possible loss of data
e:\development\gitdirectory\project-pegasus\build\_deps\raylib-src\src\external/par_shapes.h(1468): warning C4244: '=': conversion from 'double' to 'float', possible loss of data
e:\development\gitdirectory\project-pegasus\build\_deps\raylib-src\src\external/par_shapes.h(1748): warning C4244: 'function': conversion from 'double' to 'float', possible loss of data
e:\development\gitdirectory\project-pegasus\build\_deps\raylib-src\src\external/par_shapes.h(1717): warning C4244: 'initializing': conversion from 'int' to 'float', possible loss of data
E:\Development\GitDirectory\project-pegasus\build\_deps\raylib-src\src\models.c(144): warning C4305: 'function': truncation from 'double' to 'float'
E:\Development\GitDirectory\project-pegasus\build\_deps\raylib-src\src\models.c(864): warning C4018: '<': signed/unsigned mismatch
E:\Development\GitDirectory\project-pegasus\build\_deps\raylib-src\src\models.c(999): warning C4018: '<': signed/unsigned mismatch
E:\Development\GitDirectory\project-pegasus\build\_deps\raylib-src\src\models.c(1007): warning C4018: '<': signed/unsigned mismatch
E:\Development\GitDirectory\project-pegasus\build\_deps\raylib-src\src\models.c(1013): warning C4018: '<': signed/unsigned mismatch
E:\Development\GitDirectory\project-pegasus\build\_deps\raylib-src\src\models.c(1017): warning C4018: '<': signed/unsigned mismatch
E:\Development\GitDirectory\project-pegasus\build\_deps\raylib-src\src\models.c(1019): warning C4018: '<': signed/unsigned mismatch
E:\Development\GitDirectory\project-pegasus\build\_deps\raylib-src\src\models.c(1106): warning C4018: '<': signed/unsigned mismatch
E:\Development\GitDirectory\project-pegasus\build\_deps\raylib-src\src\models.c(2459): warning C4244: '=': conversion from 'double' to 'unsigned char', possible loss of data
E:\Development\GitDirectory\project-pegasus\build\_deps\raylib-src\src\models.c(2460): warning C4244: '=': conversion from 'double' to 'unsigned char', possible loss of data
E:\Development\GitDirectory\project-pegasus\build\_deps\raylib-src\src\models.c(2461): warning C4244: '=': conversion from 'double' to 'unsigned char', possible loss of data
E:\Development\GitDirectory\project-pegasus\build\_deps\raylib-src\src\models.c(2462): warning C4244: '=': conversion from 'double' to 'unsigned char', possible loss of data
E:\Development\GitDirectory\project-pegasus\build\_deps\raylib-src\src\models.c(2898): warning C4018: '<': signed/unsigned mismatch
E:\Development\GitDirectory\project-pegasus\build\_deps\raylib-src\src\models.c(2935): warning C4018: '<': signed/unsigned mismatch
E:\Development\GitDirectory\project-pegasus\build\_deps\raylib-src\src\models.c(2849): warning C4996: 'chdir': The POSIX name for this item is deprecated. Instead, use the ISO C and C++ conformant name: _chdir. See online help for details.
  C:\Program Files (x86)\Windows Kits\10\Include\10.0.17763.0\ucrt\direct.h(102): note: see declaration of 'chdir'
E:\Development\GitDirectory\project-pegasus\build\_deps\raylib-src\src\models.c(2971): warning C4244: 'initializing': conversion from 'float' to 'unsigned char', possible loss of data
E:\Development\GitDirectory\project-pegasus\build\_deps\raylib-src\src\models.c(2975): warning C4244: 'initializing': conversion from 'float' to 'unsigned char', possible loss of data
E:\Development\GitDirectory\project-pegasus\build\_deps\raylib-src\src\models.c(2982): warning C4244: 'initializing': conversion from 'float' to 'unsigned char', possible loss of data
E:\Development\GitDirectory\project-pegasus\build\_deps\raylib-src\src\models.c(2993): warning C4996: 'chdir': The POSIX name for this item is deprecated. Instead, use the ISO C and C++ conformant name: _chdir. See online help for details.
  C:\Program Files (x86)\Windows Kits\10\Include\10.0.17763.0\ucrt\direct.h(102): note: see declaration of 'chdir'
E:\Development\GitDirectory\project-pegasus\build\_deps\raylib-src\src\models.c(3176): warning C4018: '<': signed/unsigned mismatch
E:\Development\GitDirectory\project-pegasus\build\_deps\raylib-src\src\models.c(3191): warning C4018: '<': signed/unsigned mismatch
E:\Development\GitDirectory\project-pegasus\build\_deps\raylib-src\src\models.c(3201): warning C4018: '<': signed/unsigned mismatch
E:\Development\GitDirectory\project-pegasus\build\_deps\raylib-src\src\models.c(3204): warning C4018: '<': signed/unsigned mismatch
E:\Development\GitDirectory\project-pegasus\build\_deps\raylib-src\src\models.c(3218): warning C4018: '<': signed/unsigned mismatch
E:\Development\GitDirectory\project-pegasus\build\_deps\raylib-src\src\models.c(3221): warning C4018: '<': signed/unsigned mismatch
E:\Development\GitDirectory\project-pegasus\build\_deps\raylib-src\src\models.c(3235): warning C4018: '<': signed/unsigned mismatch
E:\Development\GitDirectory\project-pegasus\build\_deps\raylib-src\src\models.c(3238): warning C4018: '<': signed/unsigned mismatch
E:\Development\GitDirectory\project-pegasus\build\_deps\raylib-src\src\models.c(3251): warning C4018: '<': signed/unsigned mismatch
E:\Development\GitDirectory\project-pegasus\build\_deps\raylib-src\src\models.c(3254): warning C4018: '<': signed/unsigned mismatch
E:\Development\GitDirectory\project-pegasus\build\_deps\raylib-src\src\models.c(3267): warning C4018: '<': signed/unsigned mismatch
E:\Development\GitDirectory\project-pegasus\build\_deps\raylib-src\src\models.c(3270): warning C4018: '<': signed/unsigned mismatch
E:\Development\GitDirectory\project-pegasus\build\_deps\raylib-src\src\models.c(3289): warning C4018: '<': signed/unsigned mismatch
E:\Development\GitDirectory\project-pegasus\build\_deps\raylib-src\src\models.c(3459): warning C4018: '<': signed/unsigned mismatch
E:\Development\GitDirectory\project-pegasus\build\_deps\raylib-src\src\models.c(3552): warning C4018: '<': signed/unsigned mismatch
E:\Development\GitDirectory\project-pegasus\build\_deps\raylib-src\src\models.c(3633): warning C4018: '<': signed/unsigned mismatch
E:\Development\GitDirectory\project-pegasus\build\_deps\raylib-src\src\models.c(3635): warning C4018: '<': signed/unsigned mismatch
E:\Development\GitDirectory\project-pegasus\build\_deps\raylib-src\src\models.c(3637): warning C4018: '<': signed/unsigned mismatch
E:\Development\GitDirectory\project-pegasus\build\_deps\raylib-src\src\models.c(3645): warning C4018: '<': signed/unsigned mismatch
E:\Development\GitDirectory\project-pegasus\build\_deps\raylib-src\src\models.c(3652): warning C4018: '<': signed/unsigned mismatch
E:\Development\GitDirectory\project-pegasus\build\_deps\raylib-src\src\models.c(3661): warning C4018: '<': signed/unsigned mismatch
E:\Development\GitDirectory\project-pegasus\build\_deps\raylib-src\src\models.c(3679): warning C4018: '<': signed/unsigned mismatch
  raudio.c
e:\development\gitdirectory\project-pegasus\build\_deps\raylib-src\src\external/jar_xm.h(143): warning C4018: '<': signed/unsigned mismatch
e:\development\gitdirectory\project-pegasus\build\_deps\raylib-src\src\external/jar_xm.h(144): warning C4244: '=': conversion from 'float' to 'short', possible loss of data
e:\development\gitdirectory\project-pegasus\build\_deps\raylib-src\src\external/jar_xm.h(162): warning C4018: '<': signed/unsigned mismatch
e:\development\gitdirectory\project-pegasus\build\_deps\raylib-src\src\external/jar_xm.h(163): warning C4244: '=': conversion from 'float' to 'char', possible loss of data
e:\development\gitdirectory\project-pegasus\build\_deps\raylib-src\src\external/jar_xm.h(1463): warning C4244: '=': conversion from 'uint16_t' to 'uint8_t', possible loss of data
e:\development\gitdirectory\project-pegasus\build\_deps\raylib-src\src\external/jar_xm.h(1476): warning C4244: 'initializing': conversion from 'float' to 'unsigned int', possible loss of data
e:\development\gitdirectory\project-pegasus\build\_deps\raylib-src\src\external/jar_xm.h(1478): warning C4244: 'initializing': conversion from 'float' to 'int8_t', possible loss of data
e:\development\gitdirectory\project-pegasus\build\_deps\raylib-src\src\external/jar_xm.h(1749): warning C4244: '=': conversion from 'uint32_t' to 'float', possible loss of data
e:\development\gitdirectory\project-pegasus\build\_deps\raylib-src\src\external/jar_xm.h(1784): warning C4244: 'function': conversion from 'int' to 'float', possible loss of data
e:\development\gitdirectory\project-pegasus\build\_deps\raylib-src\src\external/jar_xm.h(2237): warning C4244: 'function': conversion from 'int' to 'float', possible loss of data
e:\development\gitdirectory\project-pegasus\build\_deps\raylib-src\src\external/jar_xm.h(2372): warning C4244: '=': conversion from 'double' to 'float', possible loss of data
e:\development\gitdirectory\project-pegasus\build\_deps\raylib-src\src\external/jar_xm.h(2569): warning C4244: '+=': conversion from 'float' to 'uint64_t', possible loss of data
e:\development\gitdirectory\project-pegasus\build\_deps\raylib-src\src\external/jar_xm.h(2629): warning C4018: '<': signed/unsigned mismatch
  shapes.c
E:\Development\GitDirectory\project-pegasus\build\_deps\raylib-src\src\shapes.c(222): warning C4244: '=': conversion from 'float' to 'int', possible loss of data
E:\Development\GitDirectory\project-pegasus\build\_deps\raylib-src\src\shapes.c(228): warning C4244: 'initializing': conversion from 'int' to 'float', possible loss of data
E:\Development\GitDirectory\project-pegasus\build\_deps\raylib-src\src\shapes.c(316): warning C4244: '=': conversion from 'float' to 'int', possible loss of data
E:\Development\GitDirectory\project-pegasus\build\_deps\raylib-src\src\shapes.c(322): warning C4244: 'initializing': conversion from 'int' to 'float', possible loss of data
E:\Development\GitDirectory\project-pegasus\build\_deps\raylib-src\src\shapes.c(368): warning C4244: 'function': conversion from 'int' to 'float', possible loss of data
E:\Development\GitDirectory\project-pegasus\build\_deps\raylib-src\src\shapes.c(410): warning C4244: 'function': conversion from 'int' to 'float', possible loss of data
E:\Development\GitDirectory\project-pegasus\build\_deps\raylib-src\src\shapes.c(464): warning C4244: '=': conversion from 'float' to 'int', possible loss of data
E:\Development\GitDirectory\project-pegasus\build\_deps\raylib-src\src\shapes.c(477): warning C4244: 'initializing': conversion from 'int' to 'float', possible loss of data
E:\Development\GitDirectory\project-pegasus\build\_deps\raylib-src\src\shapes.c(560): warning C4244: '=': conversion from 'float' to 'int', possible loss of data
E:\Development\GitDirectory\project-pegasus\build\_deps\raylib-src\src\shapes.c(572): warning C4244: 'initializing': conversion from 'int' to 'float', possible loss of data
E:\Development\GitDirectory\project-pegasus\build\_deps\raylib-src\src\shapes.c(773): warning C4244: '=': conversion from 'float' to 'int', possible loss of data
E:\Development\GitDirectory\project-pegasus\build\_deps\raylib-src\src\shapes.c(997): warning C4244: '=': conversion from 'float' to 'int', possible loss of data
  text.c
E:\Development\GitDirectory\project-pegasus\build\_deps\raylib-src\src\text.c(948): warning C4244: 'initializing': conversion from 'int' to 'float', possible loss of data
  textures.c
E:\Development\GitDirectory\project-pegasus\build\_deps\raylib-src\src\textures.c(707): warning C4244: 'initializing': conversion from 'int' to 'float', possible loss of data
E:\Development\GitDirectory\project-pegasus\build\_deps\raylib-src\src\textures.c(1296): warning C4244: '=': conversion from 'int' to 'float', possible loss of data
E:\Development\GitDirectory\project-pegasus\build\_deps\raylib-src\src\textures.c(1305): warning C4244: '=': conversion from 'int' to 'float', possible loss of data
E:\Development\GitDirectory\project-pegasus\build\_deps\raylib-src\src\textures.c(1308): warning C4244: '=': conversion from 'int' to 'float', possible loss of data
E:\Development\GitDirectory\project-pegasus\build\_deps\raylib-src\src\textures.c(1309): warning C4244: '=': conversion from 'int' to 'float', possible loss of data
E:\Development\GitDirectory\project-pegasus\build\_deps\raylib-src\src\textures.c(1310): warning C4244: '=': conversion from 'int' to 'float', possible loss of data
E:\Development\GitDirectory\project-pegasus\build\_deps\raylib-src\src\textures.c(1311): warning C4244: '=': conversion from 'int' to 'float', possible loss of data
E:\Development\GitDirectory\project-pegasus\build\_deps\raylib-src\src\textures.c(1312): warning C4244: '=': conversion from 'int' to 'float', possible loss of data
E:\Development\GitDirectory\project-pegasus\build\_deps\raylib-src\src\textures.c(1313): warning C4244: '=': conversion from 'int' to 'float', possible loss of data
E:\Development\GitDirectory\project-pegasus\build\_deps\raylib-src\src\textures.c(1317): warning C4244: '=': conversion from 'int' to 'float', possible loss of data
E:\Development\GitDirectory\project-pegasus\build\_deps\raylib-src\src\textures.c(1318): warning C4244: '=': conversion from 'int' to 'float', possible loss of data
E:\Development\GitDirectory\project-pegasus\build\_deps\raylib-src\src\textures.c(1319): warning C4244: '=': conversion from 'int' to 'float', possible loss of data
E:\Development\GitDirectory\project-pegasus\build\_deps\raylib-src\src\textures.c(1320): warning C4244: '=': conversion from 'int' to 'float', possible loss of data
E:\Development\GitDirectory\project-pegasus\build\_deps\raylib-src\src\textures.c(1321): warning C4244: '=': conversion from 'int' to 'float', possible loss of data
E:\Development\GitDirectory\project-pegasus\build\_deps\raylib-src\src\textures.c(1322): warning C4244: '=': conversion from 'int' to 'float', possible loss of data
E:\Development\GitDirectory\project-pegasus\build\_deps\raylib-src\src\textures.c(1291): warning C4244: 'initializing': conversion from 'int' to 'float', possible loss of data
E:\Development\GitDirectory\project-pegasus\build\_deps\raylib-src\src\textures.c(1332): warning C4244: 'initializing': conversion from 'int' to 'float', possible loss of data
E:\Development\GitDirectory\project-pegasus\build\_deps\raylib-src\src\textures.c(1414): warning C4244: 'initializing': conversion from 'int' to 'float', possible loss of data
E:\Development\GitDirectory\project-pegasus\build\_deps\raylib-src\src\textures.c(1543): warning C4244: '=': conversion from 'int' to 'float', possible loss of data
E:\Development\GitDirectory\project-pegasus\build\_deps\raylib-src\src\textures.c(1544): warning C4244: '=': conversion from 'int' to 'float', possible loss of data
E:\Development\GitDirectory\project-pegasus\build\_deps\raylib-src\src\textures.c(1550): warning C4244: '=': conversion from 'int' to 'float', possible loss of data
E:\Development\GitDirectory\project-pegasus\build\_deps\raylib-src\src\textures.c(1551): warning C4244: '=': conversion from 'int' to 'float', possible loss of data
E:\Development\GitDirectory\project-pegasus\build\_deps\raylib-src\src\textures.c(1497): warning C4244: 'initializing': conversion from 'int' to 'float', possible loss of data
E:\Development\GitDirectory\project-pegasus\build\_deps\raylib-src\src\textures.c(1502): warning C4244: 'initializing': conversion from 'int' to 'float', possible loss of data
E:\Development\GitDirectory\project-pegasus\build\_deps\raylib-src\src\textures.c(1508): warning C4244: 'initializing': conversion from 'int' to 'float', possible loss of data
E:\Development\GitDirectory\project-pegasus\build\_deps\raylib-src\src\textures.c(1513): warning C4244: 'initializing': conversion from 'int' to 'float', possible loss of data
E:\Development\GitDirectory\project-pegasus\build\_deps\raylib-src\src\textures.c(1958): warning C4244: '=': conversion from 'float' to 'int', possible loss of data
E:\Development\GitDirectory\project-pegasus\build\_deps\raylib-src\src\textures.c(1964): warning C4244: 'initializing': conversion from 'int' to 'float', possible loss of data
E:\Development\GitDirectory\project-pegasus\build\_deps\raylib-src\src\textures.c(1965): warning C4244: 'initializing': conversion from 'int' to 'float', possible loss of data
E:\Development\GitDirectory\project-pegasus\build\_deps\raylib-src\src\textures.c(1992): warning C4244: 'initializing': conversion from 'int' to 'float', possible loss of data
E:\Development\GitDirectory\project-pegasus\build\_deps\raylib-src\src\textures.c(1998): warning C4244: 'function': conversion from 'float' to 'int', possible loss of data
E:\Development\GitDirectory\project-pegasus\build\_deps\raylib-src\src\textures.c(2015): warning C4244: 'function': conversion from 'float' to 'int', possible loss of data
E:\Development\GitDirectory\project-pegasus\build\_deps\raylib-src\src\textures.c(2016): warning C4244: 'function': conversion from 'float' to 'int', possible loss of data
E:\Development\GitDirectory\project-pegasus\build\_deps\raylib-src\src\textures.c(2017): warning C4244: 'function': conversion from 'float' to 'int', possible loss of data
E:\Development\GitDirectory\project-pegasus\build\_deps\raylib-src\src\textures.c(2018): warning C4244: 'function': conversion from 'float' to 'int', possible loss of data
E:\Development\GitDirectory\project-pegasus\build\_deps\raylib-src\src\textures.c(2247): warning C4244: 'initializing': conversion from 'float' to 'unsigned char', possible loss of data
E:\Development\GitDirectory\project-pegasus\build\_deps\raylib-src\src\textures.c(2248): warning C4244: 'initializing': conversion from 'float' to 'unsigned char', possible loss of data
E:\Development\GitDirectory\project-pegasus\build\_deps\raylib-src\src\textures.c(2249): warning C4244: 'initializing': conversion from 'float' to 'unsigned char', possible loss of data
E:\Development\GitDirectory\project-pegasus\build\_deps\raylib-src\src\textures.c(2250): warning C4244: 'initializing': conversion from 'float' to 'unsigned char', possible loss of data
  utils.c
  Generating Code...
  raylib_static.vcxproj -> E:\Development\GitDirectory\project-pegasus\build\_deps\raylib-build\src\Debug\raylib_static.lib
